0 info it worked if it ends with ok
1 verbose cli [ '/root/.nvm/v6.5.0/bin/node',
1 verbose cli   '/root/.nvm/v6.5.0/bin/npm',
1 verbose cli   'run',
1 verbose cli   'tsc' ]
2 info using npm@3.10.8
3 info using node@v6.5.0
4 verbose stack Error: missing script: tsc
4 verbose stack     at run (/root/.nvm/v6.5.0/lib/node_modules/npm/lib/run-script.js:151:19)
4 verbose stack     at /root/.nvm/v6.5.0/lib/node_modules/npm/lib/run-script.js:61:5
4 verbose stack     at /root/.nvm/v6.5.0/lib/node_modules/npm/node_modules/read-package-json/read-json.js:356:5
4 verbose stack     at checkBinReferences_ (/root/.nvm/v6.5.0/lib/node_modules/npm/node_modules/read-package-json/read-json.js:320:45)
4 verbose stack     at final (/root/.nvm/v6.5.0/lib/node_modules/npm/node_modules/read-package-json/read-json.js:354:3)
4 verbose stack     at then (/root/.nvm/v6.5.0/lib/node_modules/npm/node_modules/read-package-json/read-json.js:124:5)
4 verbose stack     at serverjs_ (/root/.nvm/v6.5.0/lib/node_modules/npm/node_modules/read-package-json/read-json.js:177:29)
4 verbose stack     at /root/.nvm/v6.5.0/lib/node_modules/npm/node_modules/read-package-json/read-json.js:172:5
4 verbose stack     at f (/root/.nvm/v6.5.0/lib/node_modules/npm/node_modules/once/once.js:25:25)
4 verbose stack     at Glob.<anonymous> (/root/.nvm/v6.5.0/lib/node_modules/npm/node_modules/read-package-json/node_modules/glob/glob.js:146:7)
5 verbose cwd /root/Documents/Work/mean/learn - steven/learn1/server/public/pdf-viewer
6 error Linux 4.2.0-42-generic
7 error argv "/root/.nvm/v6.5.0/bin/node" "/root/.nvm/v6.5.0/bin/npm" "run" "tsc"
8 error node v6.5.0
9 error npm  v3.10.8
10 error missing script: tsc
11 error If you need help, you may report this error at:
11 error     <https://github.com/npm/npm/issues>
12 verbose exit [ 1, true ]
